loading text-score dataset from: 
   ../data/Java_programming/Java_programming_train.json
finished processing 28271  data. in ../data/Java_programming/Java_programming_train.json
loading text-score dataset from: 
   ../data/Java_programming/Java_programming_dev.json
finished processing 3554  data. in ../data/Java_programming/Java_programming_dev.json
loading text-score dataset from: 
   ../data/Java_programming/java_programming_test_part/Java_programming_test_part3.json
finished processing 738  data. in ../data/Java_programming/java_programming_test_part/Java_programming_test_part3.json
user number = 1121
>>> config.idnum = 1121
>>> self.user_len = 5
start model checkpoint loaded in ./stylePrompt_model/stylePrompt_modelB/all_B/model.pt
model checkpoint loaded in ./stylePrompt_model/stylePrompt_modelB/all_B/model.pt
模型在 GPU 上运行。
Parameter name: model.model.embed_tokens.weight, Shape: torch.Size([32048, 4096])
Parameter name: model.model.layers.0.self_attn.q_proj.weight, Shape: torch.Size([4096, 4096])
Parameter name: model.model.layers.0.self_attn.k_proj.weight, Shape: torch.Size([4096, 4096])
Parameter name: model.model.layers.0.self_attn.v_proj.weight, Shape: torch.Size([4096, 4096])
Parameter name: model.model.layers.0.self_attn.o_proj.weight, Shape: torch.Size([4096, 4096])
Parameter name: model.model.layers.0.mlp.gate_proj.weight, Shape: torch.Size([11008, 4096])
Parameter name: model.model.layers.0.mlp.up_proj.weight, Shape: torch.Size([11008, 4096])
Parameter name: model.model.layers.0.mlp.down_proj.weight, Shape: torch.Size([4096, 11008])
Parameter name: model.model.layers.0.input_layernorm.weight, Shape: torch.Size([4096])
Parameter name: model.model.layers.0.post_attention_layernorm.weight, Shape: torch.Size([4096])
Parameter name: model.model.layers.1.self_attn.q_proj.weight, Shape: torch.Size([4096, 4096])
Parameter name: model.model.layers.1.self_attn.k_proj.weight, Shape: torch.Size([4096, 4096])
Parameter name: model.model.layers.1.self_attn.v_proj.weight, Shape: torch.Size([4096, 4096])
Parameter name: model.model.layers.1.self_attn.o_proj.weight, Shape: torch.Size([4096, 4096])
Parameter name: model.model.layers.1.mlp.gate_proj.weight, Shape: torch.Size([11008, 4096])
Parameter name: model.model.layers.1.mlp.up_proj.weight, Shape: torch.Size([11008, 4096])
Parameter name: model.model.layers.1.mlp.down_proj.weight, Shape: torch.Size([4096, 11008])
Parameter name: model.model.layers.1.input_layernorm.weight, Shape: torch.Size([4096])
Parameter name: model.model.layers.1.post_attention_layernorm.weight, Shape: torch.Size([4096])
Parameter name: model.model.layers.2.self_attn.q_proj.weight, Shape: torch.Size([4096, 4096])
Parameter name: model.model.layers.2.self_attn.k_proj.weight, Shape: torch.Size([4096, 4096])
Parameter name: model.model.layers.2.self_attn.v_proj.weight, Shape: torch.Size([4096, 4096])
Parameter name: model.model.layers.2.self_attn.o_proj.weight, Shape: torch.Size([4096, 4096])
Parameter name: model.model.layers.2.mlp.gate_proj.weight, Shape: torch.Size([11008, 4096])
Parameter name: model.model.layers.2.mlp.up_proj.weight, Shape: torch.Size([11008, 4096])
Parameter name: model.model.layers.2.mlp.down_proj.weight, Shape: torch.Size([4096, 11008])
Parameter name: model.model.layers.2.input_layernorm.weight, Shape: torch.Size([4096])
Parameter name: model.model.layers.2.post_attention_layernorm.weight, Shape: torch.Size([4096])
Parameter name: model.model.layers.3.self_attn.q_proj.weight, Shape: torch.Size([4096, 4096])
Parameter name: model.model.layers.3.self_attn.k_proj.weight, Shape: torch.Size([4096, 4096])
Parameter name: model.model.layers.3.self_attn.v_proj.weight, Shape: torch.Size([4096, 4096])
Parameter name: model.model.layers.3.self_attn.o_proj.weight, Shape: torch.Size([4096, 4096])
Parameter name: model.model.layers.3.mlp.gate_proj.weight, Shape: torch.Size([11008, 4096])
Parameter name: model.model.layers.3.mlp.up_proj.weight, Shape: torch.Size([11008, 4096])
Parameter name: model.model.layers.3.mlp.down_proj.weight, Shape: torch.Size([4096, 11008])
Parameter name: model.model.layers.3.input_layernorm.weight, Shape: torch.Size([4096])
Parameter name: model.model.layers.3.post_attention_layernorm.weight, Shape: torch.Size([4096])
Parameter name: model.model.layers.4.self_attn.q_proj.weight, Shape: torch.Size([4096, 4096])
Parameter name: model.model.layers.4.self_attn.k_proj.weight, Shape: torch.Size([4096, 4096])
Parameter name: model.model.layers.4.self_attn.v_proj.weight, Shape: torch.Size([4096, 4096])
Parameter name: model.model.layers.4.self_attn.o_proj.weight, Shape: torch.Size([4096, 4096])
Parameter name: model.model.layers.4.mlp.gate_proj.weight, Shape: torch.Size([11008, 4096])
Parameter name: model.model.layers.4.mlp.up_proj.weight, Shape: torch.Size([11008, 4096])
Parameter name: model.model.layers.4.mlp.down_proj.weight, Shape: torch.Size([4096, 11008])
Parameter name: model.model.layers.4.input_layernorm.weight, Shape: torch.Size([4096])
Parameter name: model.model.layers.4.post_attention_layernorm.weight, Shape: torch.Size([4096])
Parameter name: model.model.layers.5.self_attn.q_proj.weight, Shape: torch.Size([4096, 4096])
Parameter name: model.model.layers.5.self_attn.k_proj.weight, Shape: torch.Size([4096, 4096])
Parameter name: model.model.layers.5.self_attn.v_proj.weight, Shape: torch.Size([4096, 4096])
Parameter name: model.model.layers.5.self_attn.o_proj.weight, Shape: torch.Size([4096, 4096])
Parameter name: model.model.layers.5.mlp.gate_proj.weight, Shape: torch.Size([11008, 4096])
Parameter name: model.model.layers.5.mlp.up_proj.weight, Shape: torch.Size([11008, 4096])
Parameter name: model.model.layers.5.mlp.down_proj.weight, Shape: torch.Size([4096, 11008])
Parameter name: model.model.layers.5.input_layernorm.weight, Shape: torch.Size([4096])
Parameter name: model.model.layers.5.post_attention_layernorm.weight, Shape: torch.Size([4096])
Parameter name: model.model.layers.6.self_attn.q_proj.weight, Shape: torch.Size([4096, 4096])
Parameter name: model.model.layers.6.self_attn.k_proj.weight, Shape: torch.Size([4096, 4096])
Parameter name: model.model.layers.6.self_attn.v_proj.weight, Shape: torch.Size([4096, 4096])
Parameter name: model.model.layers.6.self_attn.o_proj.weight, Shape: torch.Size([4096, 4096])
Parameter name: model.model.layers.6.mlp.gate_proj.weight, Shape: torch.Size([11008, 4096])
Parameter name: model.model.layers.6.mlp.up_proj.weight, Shape: torch.Size([11008, 4096])
Parameter name: model.model.layers.6.mlp.down_proj.weight, Shape: torch.Size([4096, 11008])
Parameter name: model.model.layers.6.input_layernorm.weight, Shape: torch.Size([4096])
Parameter name: model.model.layers.6.post_attention_layernorm.weight, Shape: torch.Size([4096])
Parameter name: model.model.layers.7.self_attn.q_proj.weight, Shape: torch.Size([4096, 4096])
Parameter name: model.model.layers.7.self_attn.k_proj.weight, Shape: torch.Size([4096, 4096])
Parameter name: model.model.layers.7.self_attn.v_proj.weight, Shape: torch.Size([4096, 4096])
Parameter name: model.model.layers.7.self_attn.o_proj.weight, Shape: torch.Size([4096, 4096])
Parameter name: model.model.layers.7.mlp.gate_proj.weight, Shape: torch.Size([11008, 4096])
Parameter name: model.model.layers.7.mlp.up_proj.weight, Shape: torch.Size([11008, 4096])
Parameter name: model.model.layers.7.mlp.down_proj.weight, Shape: torch.Size([4096, 11008])
Parameter name: model.model.layers.7.input_layernorm.weight, Shape: torch.Size([4096])
Parameter name: model.model.layers.7.post_attention_layernorm.weight, Shape: torch.Size([4096])
Parameter name: model.model.layers.8.self_attn.q_proj.weight, Shape: torch.Size([4096, 4096])
Parameter name: model.model.layers.8.self_attn.k_proj.weight, Shape: torch.Size([4096, 4096])
Parameter name: model.model.layers.8.self_attn.v_proj.weight, Shape: torch.Size([4096, 4096])
Parameter name: model.model.layers.8.self_attn.o_proj.weight, Shape: torch.Size([4096, 4096])
Parameter name: model.model.layers.8.mlp.gate_proj.weight, Shape: torch.Size([11008, 4096])
Parameter name: model.model.layers.8.mlp.up_proj.weight, Shape: torch.Size([11008, 4096])
Parameter name: model.model.layers.8.mlp.down_proj.weight, Shape: torch.Size([4096, 11008])
Parameter name: model.model.layers.8.input_layernorm.weight, Shape: torch.Size([4096])
Parameter name: model.model.layers.8.post_attention_layernorm.weight, Shape: torch.Size([4096])
Parameter name: model.model.layers.9.self_attn.q_proj.weight, Shape: torch.Size([4096, 4096])
Parameter name: model.model.layers.9.self_attn.k_proj.weight, Shape: torch.Size([4096, 4096])
Parameter name: model.model.layers.9.self_attn.v_proj.weight, Shape: torch.Size([4096, 4096])
Parameter name: model.model.layers.9.self_attn.o_proj.weight, Shape: torch.Size([4096, 4096])
Parameter name: model.model.layers.9.mlp.gate_proj.weight, Shape: torch.Size([11008, 4096])
Parameter name: model.model.layers.9.mlp.up_proj.weight, Shape: torch.Size([11008, 4096])
Parameter name: model.model.layers.9.mlp.down_proj.weight, Shape: torch.Size([4096, 11008])
Parameter name: model.model.layers.9.input_layernorm.weight, Shape: torch.Size([4096])
Parameter name: model.model.layers.9.post_attention_layernorm.weight, Shape: torch.Size([4096])
Parameter name: model.model.layers.10.self_attn.q_proj.weight, Shape: torch.Size([4096, 4096])
Parameter name: model.model.layers.10.self_attn.k_proj.weight, Shape: torch.Size([4096, 4096])
Parameter name: model.model.layers.10.self_attn.v_proj.weight, Shape: torch.Size([4096, 4096])
Parameter name: model.model.layers.10.self_attn.o_proj.weight, Shape: torch.Size([4096, 4096])
Parameter name: model.model.layers.10.mlp.gate_proj.weight, Shape: torch.Size([11008, 4096])
Parameter name: model.model.layers.10.mlp.up_proj.weight, Shape: torch.Size([11008, 4096])
Parameter name: model.model.layers.10.mlp.down_proj.weight, Shape: torch.Size([4096, 11008])
Parameter name: model.model.layers.10.input_layernorm.weight, Shape: torch.Size([4096])
Parameter name: model.model.layers.10.post_attention_layernorm.weight, Shape: torch.Size([4096])
Parameter name: model.model.layers.11.self_attn.q_proj.weight, Shape: torch.Size([4096, 4096])
Parameter name: model.model.layers.11.self_attn.k_proj.weight, Shape: torch.Size([4096, 4096])
Parameter name: model.model.layers.11.self_attn.v_proj.weight, Shape: torch.Size([4096, 4096])
Parameter name: model.model.layers.11.self_attn.o_proj.weight, Shape: torch.Size([4096, 4096])
Parameter name: model.model.layers.11.mlp.gate_proj.weight, Shape: torch.Size([11008, 4096])
Parameter name: model.model.layers.11.mlp.up_proj.weight, Shape: torch.Size([11008, 4096])
Parameter name: model.model.layers.11.mlp.down_proj.weight, Shape: torch.Size([4096, 11008])
Parameter name: model.model.layers.11.input_layernorm.weight, Shape: torch.Size([4096])
Parameter name: model.model.layers.11.post_attention_layernorm.weight, Shape: torch.Size([4096])
Parameter name: model.model.layers.12.self_attn.q_proj.weight, Shape: torch.Size([4096, 4096])
Parameter name: model.model.layers.12.self_attn.k_proj.weight, Shape: torch.Size([4096, 4096])
Parameter name: model.model.layers.12.self_attn.v_proj.weight, Shape: torch.Size([4096, 4096])
Parameter name: model.model.layers.12.self_attn.o_proj.weight, Shape: torch.Size([4096, 4096])
Parameter name: model.model.layers.12.mlp.gate_proj.weight, Shape: torch.Size([11008, 4096])
Parameter name: model.model.layers.12.mlp.up_proj.weight, Shape: torch.Size([11008, 4096])
Parameter name: model.model.layers.12.mlp.down_proj.weight, Shape: torch.Size([4096, 11008])
Parameter name: model.model.layers.12.input_layernorm.weight, Shape: torch.Size([4096])
Parameter name: model.model.layers.12.post_attention_layernorm.weight, Shape: torch.Size([4096])
Parameter name: model.model.layers.13.self_attn.q_proj.weight, Shape: torch.Size([4096, 4096])
Parameter name: model.model.layers.13.self_attn.k_proj.weight, Shape: torch.Size([4096, 4096])
Parameter name: model.model.layers.13.self_attn.v_proj.weight, Shape: torch.Size([4096, 4096])
Parameter name: model.model.layers.13.self_attn.o_proj.weight, Shape: torch.Size([4096, 4096])
Parameter name: model.model.layers.13.mlp.gate_proj.weight, Shape: torch.Size([11008, 4096])
Parameter name: model.model.layers.13.mlp.up_proj.weight, Shape: torch.Size([11008, 4096])
Parameter name: model.model.layers.13.mlp.down_proj.weight, Shape: torch.Size([4096, 11008])
Parameter name: model.model.layers.13.input_layernorm.weight, Shape: torch.Size([4096])
Parameter name: model.model.layers.13.post_attention_layernorm.weight, Shape: torch.Size([4096])
Parameter name: model.model.layers.14.self_attn.q_proj.weight, Shape: torch.Size([4096, 4096])
Parameter name: model.model.layers.14.self_attn.k_proj.weight, Shape: torch.Size([4096, 4096])
Parameter name: model.model.layers.14.self_attn.v_proj.weight, Shape: torch.Size([4096, 4096])
Parameter name: model.model.layers.14.self_attn.o_proj.weight, Shape: torch.Size([4096, 4096])
Parameter name: model.model.layers.14.mlp.gate_proj.weight, Shape: torch.Size([11008, 4096])
Parameter name: model.model.layers.14.mlp.up_proj.weight, Shape: torch.Size([11008, 4096])
Parameter name: model.model.layers.14.mlp.down_proj.weight, Shape: torch.Size([4096, 11008])
Parameter name: model.model.layers.14.input_layernorm.weight, Shape: torch.Size([4096])
Parameter name: model.model.layers.14.post_attention_layernorm.weight, Shape: torch.Size([4096])
Parameter name: model.model.layers.15.self_attn.q_proj.weight, Shape: torch.Size([4096, 4096])
Parameter name: model.model.layers.15.self_attn.k_proj.weight, Shape: torch.Size([4096, 4096])
Parameter name: model.model.layers.15.self_attn.v_proj.weight, Shape: torch.Size([4096, 4096])
Parameter name: model.model.layers.15.self_attn.o_proj.weight, Shape: torch.Size([4096, 4096])
Parameter name: model.model.layers.15.mlp.gate_proj.weight, Shape: torch.Size([11008, 4096])
Parameter name: model.model.layers.15.mlp.up_proj.weight, Shape: torch.Size([11008, 4096])
Parameter name: model.model.layers.15.mlp.down_proj.weight, Shape: torch.Size([4096, 11008])
Parameter name: model.model.layers.15.input_layernorm.weight, Shape: torch.Size([4096])
Parameter name: model.model.layers.15.post_attention_layernorm.weight, Shape: torch.Size([4096])
Parameter name: model.model.layers.16.self_attn.q_proj.weight, Shape: torch.Size([4096, 4096])
Parameter name: model.model.layers.16.self_attn.k_proj.weight, Shape: torch.Size([4096, 4096])
Parameter name: model.model.layers.16.self_attn.v_proj.weight, Shape: torch.Size([4096, 4096])
Parameter name: model.model.layers.16.self_attn.o_proj.weight, Shape: torch.Size([4096, 4096])
Parameter name: model.model.layers.16.mlp.gate_proj.weight, Shape: torch.Size([11008, 4096])
Parameter name: model.model.layers.16.mlp.up_proj.weight, Shape: torch.Size([11008, 4096])
Parameter name: model.model.layers.16.mlp.down_proj.weight, Shape: torch.Size([4096, 11008])
Parameter name: model.model.layers.16.input_layernorm.weight, Shape: torch.Size([4096])
Parameter name: model.model.layers.16.post_attention_layernorm.weight, Shape: torch.Size([4096])
Parameter name: model.model.layers.17.self_attn.q_proj.weight, Shape: torch.Size([4096, 4096])
Parameter name: model.model.layers.17.self_attn.k_proj.weight, Shape: torch.Size([4096, 4096])
Parameter name: model.model.layers.17.self_attn.v_proj.weight, Shape: torch.Size([4096, 4096])
Parameter name: model.model.layers.17.self_attn.o_proj.weight, Shape: torch.Size([4096, 4096])
Parameter name: model.model.layers.17.mlp.gate_proj.weight, Shape: torch.Size([11008, 4096])
Parameter name: model.model.layers.17.mlp.up_proj.weight, Shape: torch.Size([11008, 4096])
Parameter name: model.model.layers.17.mlp.down_proj.weight, Shape: torch.Size([4096, 11008])
Parameter name: model.model.layers.17.input_layernorm.weight, Shape: torch.Size([4096])
Parameter name: model.model.layers.17.post_attention_layernorm.weight, Shape: torch.Size([4096])
Parameter name: model.model.layers.18.self_attn.q_proj.weight, Shape: torch.Size([4096, 4096])
Parameter name: model.model.layers.18.self_attn.k_proj.weight, Shape: torch.Size([4096, 4096])
Parameter name: model.model.layers.18.self_attn.v_proj.weight, Shape: torch.Size([4096, 4096])
Parameter name: model.model.layers.18.self_attn.o_proj.weight, Shape: torch.Size([4096, 4096])
Parameter name: model.model.layers.18.mlp.gate_proj.weight, Shape: torch.Size([11008, 4096])
Parameter name: model.model.layers.18.mlp.up_proj.weight, Shape: torch.Size([11008, 4096])
Parameter name: model.model.layers.18.mlp.down_proj.weight, Shape: torch.Size([4096, 11008])
Parameter name: model.model.layers.18.input_layernorm.weight, Shape: torch.Size([4096])
Parameter name: model.model.layers.18.post_attention_layernorm.weight, Shape: torch.Size([4096])
Parameter name: model.model.layers.19.self_attn.q_proj.weight, Shape: torch.Size([4096, 4096])
Parameter name: model.model.layers.19.self_attn.k_proj.weight, Shape: torch.Size([4096, 4096])
Parameter name: model.model.layers.19.self_attn.v_proj.weight, Shape: torch.Size([4096, 4096])
Parameter name: model.model.layers.19.self_attn.o_proj.weight, Shape: torch.Size([4096, 4096])
Parameter name: model.model.layers.19.mlp.gate_proj.weight, Shape: torch.Size([11008, 4096])
Parameter name: model.model.layers.19.mlp.up_proj.weight, Shape: torch.Size([11008, 4096])
Parameter name: model.model.layers.19.mlp.down_proj.weight, Shape: torch.Size([4096, 11008])
Parameter name: model.model.layers.19.input_layernorm.weight, Shape: torch.Size([4096])
Parameter name: model.model.layers.19.post_attention_layernorm.weight, Shape: torch.Size([4096])
Parameter name: model.model.layers.20.self_attn.q_proj.weight, Shape: torch.Size([4096, 4096])
Parameter name: model.model.layers.20.self_attn.k_proj.weight, Shape: torch.Size([4096, 4096])
Parameter name: model.model.layers.20.self_attn.v_proj.weight, Shape: torch.Size([4096, 4096])
Parameter name: model.model.layers.20.self_attn.o_proj.weight, Shape: torch.Size([4096, 4096])
Parameter name: model.model.layers.20.mlp.gate_proj.weight, Shape: torch.Size([11008, 4096])
Parameter name: model.model.layers.20.mlp.up_proj.weight, Shape: torch.Size([11008, 4096])
Parameter name: model.model.layers.20.mlp.down_proj.weight, Shape: torch.Size([4096, 11008])
Parameter name: model.model.layers.20.input_layernorm.weight, Shape: torch.Size([4096])
Parameter name: model.model.layers.20.post_attention_layernorm.weight, Shape: torch.Size([4096])
Parameter name: model.model.layers.21.self_attn.q_proj.weight, Shape: torch.Size([4096, 4096])
Parameter name: model.model.layers.21.self_attn.k_proj.weight, Shape: torch.Size([4096, 4096])
Parameter name: model.model.layers.21.self_attn.v_proj.weight, Shape: torch.Size([4096, 4096])
Parameter name: model.model.layers.21.self_attn.o_proj.weight, Shape: torch.Size([4096, 4096])
Parameter name: model.model.layers.21.mlp.gate_proj.weight, Shape: torch.Size([11008, 4096])
Parameter name: model.model.layers.21.mlp.up_proj.weight, Shape: torch.Size([11008, 4096])
Parameter name: model.model.layers.21.mlp.down_proj.weight, Shape: torch.Size([4096, 11008])
Parameter name: model.model.layers.21.input_layernorm.weight, Shape: torch.Size([4096])
Parameter name: model.model.layers.21.post_attention_layernorm.weight, Shape: torch.Size([4096])
Parameter name: model.model.layers.22.self_attn.q_proj.weight, Shape: torch.Size([4096, 4096])
Parameter name: model.model.layers.22.self_attn.k_proj.weight, Shape: torch.Size([4096, 4096])
Parameter name: model.model.layers.22.self_attn.v_proj.weight, Shape: torch.Size([4096, 4096])
Parameter name: model.model.layers.22.self_attn.o_proj.weight, Shape: torch.Size([4096, 4096])
Parameter name: model.model.layers.22.mlp.gate_proj.weight, Shape: torch.Size([11008, 4096])
Parameter name: model.model.layers.22.mlp.up_proj.weight, Shape: torch.Size([11008, 4096])
Parameter name: model.model.layers.22.mlp.down_proj.weight, Shape: torch.Size([4096, 11008])
Parameter name: model.model.layers.22.input_layernorm.weight, Shape: torch.Size([4096])
Parameter name: model.model.layers.22.post_attention_layernorm.weight, Shape: torch.Size([4096])
Parameter name: model.model.layers.23.self_attn.q_proj.weight, Shape: torch.Size([4096, 4096])
Parameter name: model.model.layers.23.self_attn.k_proj.weight, Shape: torch.Size([4096, 4096])
Parameter name: model.model.layers.23.self_attn.v_proj.weight, Shape: torch.Size([4096, 4096])
Parameter name: model.model.layers.23.self_attn.o_proj.weight, Shape: torch.Size([4096, 4096])
Parameter name: model.model.layers.23.mlp.gate_proj.weight, Shape: torch.Size([11008, 4096])
Parameter name: model.model.layers.23.mlp.up_proj.weight, Shape: torch.Size([11008, 4096])
Parameter name: model.model.layers.23.mlp.down_proj.weight, Shape: torch.Size([4096, 11008])
Parameter name: model.model.layers.23.input_layernorm.weight, Shape: torch.Size([4096])
Parameter name: model.model.layers.23.post_attention_layernorm.weight, Shape: torch.Size([4096])
Parameter name: model.model.layers.24.self_attn.q_proj.weight, Shape: torch.Size([4096, 4096])
Parameter name: model.model.layers.24.self_attn.k_proj.weight, Shape: torch.Size([4096, 4096])
Parameter name: model.model.layers.24.self_attn.v_proj.weight, Shape: torch.Size([4096, 4096])
Parameter name: model.model.layers.24.self_attn.o_proj.weight, Shape: torch.Size([4096, 4096])
Parameter name: model.model.layers.24.mlp.gate_proj.weight, Shape: torch.Size([11008, 4096])
Parameter name: model.model.layers.24.mlp.up_proj.weight, Shape: torch.Size([11008, 4096])
Parameter name: model.model.layers.24.mlp.down_proj.weight, Shape: torch.Size([4096, 11008])
Parameter name: model.model.layers.24.input_layernorm.weight, Shape: torch.Size([4096])
Parameter name: model.model.layers.24.post_attention_layernorm.weight, Shape: torch.Size([4096])
Parameter name: model.model.layers.25.self_attn.q_proj.weight, Shape: torch.Size([4096, 4096])
Parameter name: model.model.layers.25.self_attn.k_proj.weight, Shape: torch.Size([4096, 4096])
Parameter name: model.model.layers.25.self_attn.v_proj.weight, Shape: torch.Size([4096, 4096])
Parameter name: model.model.layers.25.self_attn.o_proj.weight, Shape: torch.Size([4096, 4096])
Parameter name: model.model.layers.25.mlp.gate_proj.weight, Shape: torch.Size([11008, 4096])
Parameter name: model.model.layers.25.mlp.up_proj.weight, Shape: torch.Size([11008, 4096])
Parameter name: model.model.layers.25.mlp.down_proj.weight, Shape: torch.Size([4096, 11008])
Parameter name: model.model.layers.25.input_layernorm.weight, Shape: torch.Size([4096])
Parameter name: model.model.layers.25.post_attention_layernorm.weight, Shape: torch.Size([4096])
Parameter name: model.model.layers.26.self_attn.q_proj.weight, Shape: torch.Size([4096, 4096])
Parameter name: model.model.layers.26.self_attn.k_proj.weight, Shape: torch.Size([4096, 4096])
Parameter name: model.model.layers.26.self_attn.v_proj.weight, Shape: torch.Size([4096, 4096])
Parameter name: model.model.layers.26.self_attn.o_proj.weight, Shape: torch.Size([4096, 4096])
Parameter name: model.model.layers.26.mlp.gate_proj.weight, Shape: torch.Size([11008, 4096])
Parameter name: model.model.layers.26.mlp.up_proj.weight, Shape: torch.Size([11008, 4096])
Parameter name: model.model.layers.26.mlp.down_proj.weight, Shape: torch.Size([4096, 11008])
Parameter name: model.model.layers.26.input_layernorm.weight, Shape: torch.Size([4096])
Parameter name: model.model.layers.26.post_attention_layernorm.weight, Shape: torch.Size([4096])
Parameter name: model.model.layers.27.self_attn.q_proj.weight, Shape: torch.Size([4096, 4096])
Parameter name: model.model.layers.27.self_attn.k_proj.weight, Shape: torch.Size([4096, 4096])
Parameter name: model.model.layers.27.self_attn.v_proj.weight, Shape: torch.Size([4096, 4096])
Parameter name: model.model.layers.27.self_attn.o_proj.weight, Shape: torch.Size([4096, 4096])
Parameter name: model.model.layers.27.mlp.gate_proj.weight, Shape: torch.Size([11008, 4096])
Parameter name: model.model.layers.27.mlp.up_proj.weight, Shape: torch.Size([11008, 4096])
Parameter name: model.model.layers.27.mlp.down_proj.weight, Shape: torch.Size([4096, 11008])
Parameter name: model.model.layers.27.input_layernorm.weight, Shape: torch.Size([4096])
Parameter name: model.model.layers.27.post_attention_layernorm.weight, Shape: torch.Size([4096])
Parameter name: model.model.layers.28.self_attn.q_proj.weight, Shape: torch.Size([4096, 4096])
Parameter name: model.model.layers.28.self_attn.k_proj.weight, Shape: torch.Size([4096, 4096])
Parameter name: model.model.layers.28.self_attn.v_proj.weight, Shape: torch.Size([4096, 4096])
Parameter name: model.model.layers.28.self_attn.o_proj.weight, Shape: torch.Size([4096, 4096])
Parameter name: model.model.layers.28.mlp.gate_proj.weight, Shape: torch.Size([11008, 4096])
Parameter name: model.model.layers.28.mlp.up_proj.weight, Shape: torch.Size([11008, 4096])
Parameter name: model.model.layers.28.mlp.down_proj.weight, Shape: torch.Size([4096, 11008])
Parameter name: model.model.layers.28.input_layernorm.weight, Shape: torch.Size([4096])
Parameter name: model.model.layers.28.post_attention_layernorm.weight, Shape: torch.Size([4096])
Parameter name: model.model.layers.29.self_attn.q_proj.weight, Shape: torch.Size([4096, 4096])
Parameter name: model.model.layers.29.self_attn.k_proj.weight, Shape: torch.Size([4096, 4096])
Parameter name: model.model.layers.29.self_attn.v_proj.weight, Shape: torch.Size([4096, 4096])
Parameter name: model.model.layers.29.self_attn.o_proj.weight, Shape: torch.Size([4096, 4096])
Parameter name: model.model.layers.29.mlp.gate_proj.weight, Shape: torch.Size([11008, 4096])
Parameter name: model.model.layers.29.mlp.up_proj.weight, Shape: torch.Size([11008, 4096])
Parameter name: model.model.layers.29.mlp.down_proj.weight, Shape: torch.Size([4096, 11008])
Parameter name: model.model.layers.29.input_layernorm.weight, Shape: torch.Size([4096])
Parameter name: model.model.layers.29.post_attention_layernorm.weight, Shape: torch.Size([4096])
Parameter name: model.model.layers.30.self_attn.q_proj.weight, Shape: torch.Size([4096, 4096])
Parameter name: model.model.layers.30.self_attn.k_proj.weight, Shape: torch.Size([4096, 4096])
Parameter name: model.model.layers.30.self_attn.v_proj.weight, Shape: torch.Size([4096, 4096])
Parameter name: model.model.layers.30.self_attn.o_proj.weight, Shape: torch.Size([4096, 4096])
Parameter name: model.model.layers.30.mlp.gate_proj.weight, Shape: torch.Size([11008, 4096])
Parameter name: model.model.layers.30.mlp.up_proj.weight, Shape: torch.Size([11008, 4096])
Parameter name: model.model.layers.30.mlp.down_proj.weight, Shape: torch.Size([4096, 11008])
Parameter name: model.model.layers.30.input_layernorm.weight, Shape: torch.Size([4096])
Parameter name: model.model.layers.30.post_attention_layernorm.weight, Shape: torch.Size([4096])
Parameter name: model.model.layers.31.self_attn.q_proj.weight, Shape: torch.Size([4096, 4096])
Parameter name: model.model.layers.31.self_attn.k_proj.weight, Shape: torch.Size([4096, 4096])
Parameter name: model.model.layers.31.self_attn.v_proj.weight, Shape: torch.Size([4096, 4096])
Parameter name: model.model.layers.31.self_attn.o_proj.weight, Shape: torch.Size([4096, 4096])
Parameter name: model.model.layers.31.mlp.gate_proj.weight, Shape: torch.Size([11008, 4096])
Parameter name: model.model.layers.31.mlp.up_proj.weight, Shape: torch.Size([11008, 4096])
Parameter name: model.model.layers.31.mlp.down_proj.weight, Shape: torch.Size([4096, 11008])
Parameter name: model.model.layers.31.input_layernorm.weight, Shape: torch.Size([4096])
Parameter name: model.model.layers.31.post_attention_layernorm.weight, Shape: torch.Size([4096])
Parameter name: model.model.norm.weight, Shape: torch.Size([4096])
Parameter name: model.lm_head.weight, Shape: torch.Size([32048, 4096])
Parameter name: user_embeddings.weight, Shape: torch.Size([5605, 4096])
Parameter name: mlp.layers.0.weight, Shape: torch.Size([512, 4096])
Parameter name: mlp.layers.0.bias, Shape: torch.Size([512])
Parameter name: mlp.layers.1.weight, Shape: torch.Size([4096, 512])
Parameter name: mlp.layers.1.bias, Shape: torch.Size([4096])
Parameter name: keyword_W.weight, Shape: torch.Size([32048, 4096])
Parameter name: keyword_W.bias, Shape: torch.Size([32048])
Parameter name: p_linear1.weight, Shape: torch.Size([512, 32048])
Parameter name: p_linear1.bias, Shape: torch.Size([512])
Parameter name: p_linear2.weight, Shape: torch.Size([32048, 512])
Parameter name: p_linear2.bias, Shape: torch.Size([32048])
Parameter name: p_linear3.weight, Shape: torch.Size([512, 4096])
Parameter name: p_linear3.bias, Shape: torch.Size([512])
Parameter name: Style_embeddings.weight, Shape: torch.Size([26, 4096])
Total Trainable Parameters: 6932320352
